::1 - - [12/Jun/2026 15:48:01] "GET /index.html HTTP/1.1" 200 -
::1 - - [12/Jun/2026 15:53:44] "GET /index.html HTTP/1.1" 200 -
::1 - - [12/Jun/2026 15:53:44] "GET /css/style.css HTTP/1.1" 200 -
::1 - - [12/Jun/2026 15:53:44] "GET /vendor/chess.js HTTP/1.1" 200 -
::1 - - [12/Jun/2026 15:53:44] "GET /js/engine.js HTTP/1.1" 200 -
::1 - - [12/Jun/2026 15:53:44] "GET /js/coach.js HTTP/1.1" 200 -
::1 - - [12/Jun/2026 15:53:44] "GET /js/board.js HTTP/1.1" 200 -
::1 - - [12/Jun/2026 15:53:44] "GET /js/app.js HTTP/1.1" 200 -
::1 - - [12/Jun/2026 15:55:59] "GET /index.html HTTP/1.1" 200 -
::1 - - [12/Jun/2026 15:55:59] "GET /css/style.css HTTP/1.1" 200 -
::1 - - [12/Jun/2026 15:55:59] "GET /vendor/chess.js HTTP/1.1" 200 -
::1 - - [12/Jun/2026 15:55:59] "GET /js/engine.js HTTP/1.1" 200 -
::1 - - [12/Jun/2026 15:55:59] "GET /js/coach.js HTTP/1.1" 200 -
::1 - - [12/Jun/2026 15:55:59] "GET /js/board.js HTTP/1.1" 200 -
::1 - - [12/Jun/2026 15:55:59] "GET /js/app.js HTTP/1.1" 200 -
::1 - - [12/Jun/2026 15:55:59] "GET /vendor/stockfish-nnue-16-single.js HTTP/1.1" 200 -
::1 - - [12/Jun/2026 15:56:00] "GET /vendor/stockfish-nnue-16-single.wasm HTTP/1.1" 200 -
::1 - - [12/Jun/2026 16:14:16] "GET / HTTP/1.1" 200 -
::1 - - [12/Jun/2026 16:20:49] "GET /vendor/stockfish-18-lite-single.wasm HTTP/1.1" 200 -
::1 - - [12/Jun/2026 16:21:11] "GET /index.html HTTP/1.1" 200 -
::1 - - [12/Jun/2026 16:21:12] "GET /css/style.css HTTP/1.1" 200 -
::1 - - [12/Jun/2026 16:21:12] "GET /vendor/chess.js HTTP/1.1" 200 -
::1 - - [12/Jun/2026 16:21:12] "GET /js/coach.js HTTP/1.1" 200 -
::1 - - [12/Jun/2026 16:21:12] "GET /js/board.js HTTP/1.1" 200 -
::1 - - [12/Jun/2026 16:21:12] "GET /js/engine.js HTTP/1.1" 200 -
::1 - - [12/Jun/2026 16:21:12] "GET /js/app.js HTTP/1.1" 200 -
::1 - - [12/Jun/2026 16:21:12] "GET /vendor/stockfish-18-lite-single.js HTTP/1.1" 200 -
::1 - - [12/Jun/2026 16:21:12] "GET /vendor/stockfish-18-lite-single.wasm HTTP/1.1" 200 -
::1 - - [12/Jun/2026 16:22:41] "GET / HTTP/1.1" 200 -
::1 - - [12/Jun/2026 16:22:41] "GET /css/style.css HTTP/1.1" 200 -
::1 - - [12/Jun/2026 16:22:41] "GET /vendor/chess.js HTTP/1.1" 200 -
::1 - - [12/Jun/2026 16:22:41] "GET /js/coach.js HTTP/1.1" 200 -
::1 - - [12/Jun/2026 16:22:41] "GET /js/engine.js HTTP/1.1" 200 -
::1 - - [12/Jun/2026 16:22:41] "GET /js/board.js HTTP/1.1" 200 -
::1 - - [12/Jun/2026 16:22:41] "GET /js/app.js HTTP/1.1" 200 -
::1 - - [12/Jun/2026 16:22:41] "GET /vendor/stockfish-18-lite-single.js HTTP/1.1" 200 -
::1 - - [12/Jun/2026 16:22:41] "GET /vendor/stockfish-18-lite-single.wasm HTTP/1.1" 200 -
::1 - - [12/Jun/2026 16:40:05] "GET / HTTP/1.1" 200 -
::1 - - [12/Jun/2026 16:40:05] "GET /css/style.css HTTP/1.1" 200 -
::1 - - [12/Jun/2026 16:40:05] "GET /vendor/chess.js HTTP/1.1" 200 -
::1 - - [12/Jun/2026 16:40:05] "GET /js/engine.js HTTP/1.1" 200 -
::1 - - [12/Jun/2026 16:40:05] "GET /js/coach.js HTTP/1.1" 200 -
::1 - - [12/Jun/2026 16:40:05] "GET /js/board.js HTTP/1.1" 200 -
::1 - - [12/Jun/2026 16:40:05] "GET /js/app.js HTTP/1.1" 200 -
::1 - - [12/Jun/2026 16:40:06] "GET /vendor/stockfish-18-lite-single.js HTTP/1.1" 200 -
::1 - - [12/Jun/2026 16:40:06] code 404, message File not found
::1 - - [12/Jun/2026 16:40:06] "GET /favicon.ico HTTP/1.1" 404 -
::1 - - [12/Jun/2026 16:40:06] "GET /vendor/stockfish-18-lite-single.wasm HTTP/1.1" 200 -
::1 - - [12/Jun/2026 17:04:26] "GET / HTTP/1.1" 200 -
::1 - - [12/Jun/2026 17:26:11] "GET /index.html HTTP/1.1" 200 -
::1 - - [12/Jun/2026 17:26:11] "GET /css/style.css HTTP/1.1" 200 -
::1 - - [12/Jun/2026 17:26:11] "GET /js/board.js HTTP/1.1" 200 -
::1 - - [12/Jun/2026 17:26:11] "GET /vendor/chess.js HTTP/1.1" 200 -
::1 - - [12/Jun/2026 17:26:11] "GET /js/app.js HTTP/1.1" 200 -
::1 - - [12/Jun/2026 17:26:11] "GET /js/engine.js HTTP/1.1" 200 -
::1 - - [12/Jun/2026 17:26:11] "GET /js/coach.js HTTP/1.1" 200 -
::1 - - [12/Jun/2026 17:26:11] "GET /js/supa.js HTTP/1.1" 200 -
::1 - - [12/Jun/2026 17:26:11] "GET /vendor/stockfish-18-lite-single.js HTTP/1.1" 200 -
::1 - - [12/Jun/2026 17:26:11] "GET /vendor/stockfish-18-lite-single.wasm HTTP/1.1" 200 -
::1 - - [12/Jun/2026 17:27:51] "GET /index.html HTTP/1.1" 200 -
::1 - - [12/Jun/2026 17:27:51] "GET /css/style.css HTTP/1.1" 200 -
::1 - - [12/Jun/2026 17:27:52] "GET /vendor/chess.js HTTP/1.1" 200 -
::1 - - [12/Jun/2026 17:27:52] "GET /js/coach.js HTTP/1.1" 200 -
::1 - - [12/Jun/2026 17:27:52] "GET /js/engine.js HTTP/1.1" 200 -
::1 - - [12/Jun/2026 17:27:52] "GET /js/supa.js HTTP/1.1" 200 -
::1 - - [12/Jun/2026 17:27:52] "GET /js/board.js HTTP/1.1" 200 -
::1 - - [12/Jun/2026 17:27:52] "GET /js/app.js HTTP/1.1" 200 -
::1 - - [12/Jun/2026 17:27:52] "GET /vendor/stockfish-18-lite-single.js HTTP/1.1" 200 -
::1 - - [12/Jun/2026 17:27:52] "GET /vendor/stockfish-18-lite-single.wasm HTTP/1.1" 200 -
::1 - - [12/Jun/2026 19:29:21] "GET /index.html HTTP/1.1" 200 -
::1 - - [12/Jun/2026 19:30:01] "GET /index.html HTTP/1.1" 200 -
::1 - - [12/Jun/2026 19:30:01] "GET /css/style.css HTTP/1.1" 200 -
::1 - - [12/Jun/2026 19:30:01] "GET /vendor/chess.js HTTP/1.1" 200 -
::1 - - [12/Jun/2026 19:30:01] "GET /js/engine.js HTTP/1.1" 200 -
::1 - - [12/Jun/2026 19:30:01] "GET /js/board.js HTTP/1.1" 200 -
::1 - - [12/Jun/2026 19:30:01] "GET /js/supa.js HTTP/1.1" 200 -
::1 - - [12/Jun/2026 19:30:01] "GET /js/coach.js HTTP/1.1" 200 -
::1 - - [12/Jun/2026 19:30:01] "GET /js/app.js HTTP/1.1" 200 -
::1 - - [12/Jun/2026 19:30:02] "GET /vendor/stockfish-18-lite-single.js HTTP/1.1" 200 -
::1 - - [12/Jun/2026 19:30:03] "GET /vendor/stockfish-18-lite-single.wasm HTTP/1.1" 200 -
::1 - - [12/Jun/2026 19:30:31] "GET /index.html HTTP/1.1" 200 -
::1 - - [12/Jun/2026 19:30:31] "GET /vendor/chess.js HTTP/1.1" 200 -
::1 - - [12/Jun/2026 19:30:31] "GET /css/style.css HTTP/1.1" 200 -
::1 - - [12/Jun/2026 19:30:31] "GET /js/engine.js HTTP/1.1" 200 -
::1 - - [12/Jun/2026 19:30:31] "GET /js/coach.js HTTP/1.1" 200 -
::1 - - [12/Jun/2026 19:30:31] "GET /js/supa.js HTTP/1.1" 200 -
::1 - - [12/Jun/2026 19:30:31] "GET /js/board.js HTTP/1.1" 200 -
::1 - - [12/Jun/2026 19:30:31] "GET /js/app.js HTTP/1.1" 200 -
::1 - - [12/Jun/2026 19:30:31] "GET /vendor/stockfish-18-lite-single.js HTTP/1.1" 200 -
::1 - - [12/Jun/2026 19:30:31] "GET /vendor/stockfish-18-lite-single.wasm HTTP/1.1" 200 -
::1 - - [12/Jun/2026 19:34:05] "GET /index.html HTTP/1.1" 200 -
::1 - - [12/Jun/2026 19:34:05] "GET /css/style.css HTTP/1.1" 200 -
::1 - - [12/Jun/2026 19:34:05] "GET /js/engine.js HTTP/1.1" 200 -
::1 - - [12/Jun/2026 19:34:05] "GET /js/coach.js HTTP/1.1" 200 -
::1 - - [12/Jun/2026 19:34:05] "GET /vendor/chess.js HTTP/1.1" 200 -
::1 - - [12/Jun/2026 19:34:05] "GET /js/supa.js HTTP/1.1" 200 -
::1 - - [12/Jun/2026 19:34:05] "GET /js/board.js HTTP/1.1" 200 -
::1 - - [12/Jun/2026 19:34:05] "GET /js/app.js HTTP/1.1" 200 -
::1 - - [12/Jun/2026 19:34:05] "GET /vendor/stockfish-18-lite-single.js HTTP/1.1" 200 -
::1 - - [12/Jun/2026 19:34:05] "GET /vendor/stockfish-18-lite-single.wasm HTTP/1.1" 200 -
::1 - - [12/Jun/2026 19:37:47] "GET /index.html HTTP/1.1" 200 -
::1 - - [12/Jun/2026 19:37:47] "GET /css/style.css HTTP/1.1" 200 -
::1 - - [12/Jun/2026 19:37:47] "GET /js/engine.js HTTP/1.1" 200 -
::1 - - [12/Jun/2026 19:37:47] "GET /vendor/chess.js HTTP/1.1" 200 -
::1 - - [12/Jun/2026 19:37:47] "GET /js/coach.js HTTP/1.1" 200 -
::1 - - [12/Jun/2026 19:37:47] "GET /js/supa.js HTTP/1.1" 200 -
::1 - - [12/Jun/2026 19:37:47] "GET /js/board.js HTTP/1.1" 200 -
::1 - - [12/Jun/2026 19:37:47] "GET /js/app.js HTTP/1.1" 200 -
::1 - - [12/Jun/2026 19:37:47] "GET /vendor/stockfish-18-lite-single.js HTTP/1.1" 200 -
::1 - - [12/Jun/2026 19:37:48] "GET /vendor/stockfish-18-lite-single.wasm HTTP/1.1" 200 -
::1 - - [12/Jun/2026 19:40:40] "GET / HTTP/1.1" 200 -
::1 - - [12/Jun/2026 19:40:40] "GET /css/style.css HTTP/1.1" 200 -
::1 - - [12/Jun/2026 19:40:40] "GET /js/engine.js HTTP/1.1" 200 -
::1 - - [12/Jun/2026 19:40:40] "GET /vendor/chess.js HTTP/1.1" 200 -
::1 - - [12/Jun/2026 19:40:40] "GET /js/coach.js HTTP/1.1" 200 -
::1 - - [12/Jun/2026 19:40:40] "GET /js/supa.js HTTP/1.1" 200 -
::1 - - [12/Jun/2026 19:40:40] "GET /js/board.js HTTP/1.1" 200 -
::1 - - [12/Jun/2026 19:40:40] "GET /js/app.js HTTP/1.1" 200 -
::1 - - [12/Jun/2026 19:40:40] "GET /vendor/stockfish-18-lite-single.js HTTP/1.1" 200 -
::1 - - [12/Jun/2026 19:40:40] "GET /vendor/stockfish-18-lite-single.wasm HTTP/1.1" 200 -
::1 - - [12/Jun/2026 19:42:26] "GET / HTTP/1.1" 200 -
::1 - - [12/Jun/2026 19:42:26] "GET /css/style.css HTTP/1.1" 200 -
::1 - - [12/Jun/2026 19:42:26] "GET /vendor/chess.js HTTP/1.1" 200 -
::1 - - [12/Jun/2026 19:42:26] "GET /js/engine.js HTTP/1.1" 200 -
::1 - - [12/Jun/2026 19:42:26] "GET /js/coach.js HTTP/1.1" 200 -
::1 - - [12/Jun/2026 19:42:26] "GET /js/supa.js HTTP/1.1" 200 -
::1 - - [12/Jun/2026 19:42:26] "GET /js/board.js HTTP/1.1" 200 -
::1 - - [12/Jun/2026 19:42:26] "GET /js/app.js HTTP/1.1" 200 -
::1 - - [12/Jun/2026 19:42:26] "GET /vendor/stockfish-18-lite-single.js HTTP/1.1" 200 -
::1 - - [12/Jun/2026 19:42:27] "GET /vendor/stockfish-18-lite-single.wasm HTTP/1.1" 200 -
::1 - - [12/Jun/2026 20:23:03] "GET /index.html HTTP/1.1" 200 -
::1 - - [12/Jun/2026 20:23:03] "GET /vendor/chess.js HTTP/1.1" 200 -
::1 - - [12/Jun/2026 20:23:03] "GET /css/style.css HTTP/1.1" 200 -
::1 - - [12/Jun/2026 20:23:03] "GET /js/engine.js HTTP/1.1" 200 -
::1 - - [12/Jun/2026 20:23:03] "GET /js/coach.js HTTP/1.1" 200 -
::1 - - [12/Jun/2026 20:23:03] "GET /js/supa.js HTTP/1.1" 200 -
::1 - - [12/Jun/2026 20:23:03] "GET /js/board.js HTTP/1.1" 200 -
::1 - - [12/Jun/2026 20:23:03] "GET /js/app.js HTTP/1.1" 200 -
::1 - - [12/Jun/2026 20:23:04] "GET /vendor/stockfish-18-lite-single.js HTTP/1.1" 200 -
::1 - - [12/Jun/2026 20:23:04] "GET /vendor/stockfish-18-lite-single.wasm HTTP/1.1" 200 -
::1 - - [12/Jun/2026 20:26:36] "GET / HTTP/1.1" 200 -
::1 - - [12/Jun/2026 20:44:16] "GET /index.html HTTP/1.1" 200 -
::1 - - [12/Jun/2026 20:44:16] "GET /css/style.css HTTP/1.1" 200 -
::1 - - [12/Jun/2026 20:44:16] "GET /vendor/chess.js HTTP/1.1" 200 -
::1 - - [12/Jun/2026 20:44:16] "GET /js/coach.js HTTP/1.1" 200 -
::1 - - [12/Jun/2026 20:44:16] "GET /js/engine.js HTTP/1.1" 200 -
::1 - - [12/Jun/2026 20:44:16] "GET /js/supa.js HTTP/1.1" 200 -
::1 - - [12/Jun/2026 20:44:16] "GET /js/board.js HTTP/1.1" 200 -
::1 - - [12/Jun/2026 20:44:16] "GET /js/app.js HTTP/1.1" 200 -
::1 - - [12/Jun/2026 20:44:16] "GET /js/games.js HTTP/1.1" 200 -
::1 - - [12/Jun/2026 20:44:16] "GET /js/review.js HTTP/1.1" 200 -
::1 - - [12/Jun/2026 20:44:16] "GET /vendor/stockfish-18-lite-single.js HTTP/1.1" 200 -
::1 - - [12/Jun/2026 20:44:16] "GET /vendor/stockfish-18-lite-single.wasm HTTP/1.1" 200 -
::1 - - [12/Jun/2026 20:44:39] "GET /index.html HTTP/1.1" 200 -
::1 - - [12/Jun/2026 20:44:40] "GET /js/coach.js HTTP/1.1" 200 -
::1 - - [12/Jun/2026 20:44:40] "GET /js/engine.js HTTP/1.1" 200 -
::1 - - [12/Jun/2026 20:44:40] "GET /vendor/chess.js HTTP/1.1" 200 -
::1 - - [12/Jun/2026 20:44:40] "GET /css/style.css HTTP/1.1" 200 -
::1 - - [12/Jun/2026 20:44:40] "GET /js/supa.js HTTP/1.1" 200 -
::1 - - [12/Jun/2026 20:44:40] "GET /js/board.js HTTP/1.1" 200 -
::1 - - [12/Jun/2026 20:44:40] "GET /js/app.js HTTP/1.1" 200 -
::1 - - [12/Jun/2026 20:44:40] "GET /js/games.js HTTP/1.1" 200 -
::1 - - [12/Jun/2026 20:44:40] "GET /js/review.js HTTP/1.1" 200 -
::1 - - [12/Jun/2026 20:44:40] "GET /vendor/stockfish-18-lite-single.js HTTP/1.1" 200 -
::1 - - [12/Jun/2026 20:44:40] "GET /vendor/stockfish-18-lite-single.wasm HTTP/1.1" 200 -
::1 - - [12/Jun/2026 20:44:50] "GET /index.html HTTP/1.1" 304 -
::1 - - [12/Jun/2026 20:44:51] "GET /vendor/stockfish-18-lite-single.wasm HTTP/1.1" 200 -
::1 - - [12/Jun/2026 20:45:07] "GET /index.html HTTP/1.1" 200 -
::1 - - [12/Jun/2026 20:45:07] "GET /css/style.css HTTP/1.1" 200 -
::1 - - [12/Jun/2026 20:45:07] "GET /vendor/chess.js HTTP/1.1" 200 -
::1 - - [12/Jun/2026 20:45:07] "GET /js/engine.js HTTP/1.1" 200 -
::1 - - [12/Jun/2026 20:45:07] "GET /js/coach.js HTTP/1.1" 200 -
::1 - - [12/Jun/2026 20:45:07] "GET /js/supa.js HTTP/1.1" 200 -
::1 - - [12/Jun/2026 20:45:07] "GET /js/board.js HTTP/1.1" 200 -
::1 - - [12/Jun/2026 20:45:07] "GET /js/app.js HTTP/1.1" 200 -
::1 - - [12/Jun/2026 20:45:07] "GET /js/games.js HTTP/1.1" 200 -
::1 - - [12/Jun/2026 20:45:07] "GET /js/review.js HTTP/1.1" 200 -
::1 - - [12/Jun/2026 20:45:07] "GET /vendor/stockfish-18-lite-single.js HTTP/1.1" 200 -
::1 - - [12/Jun/2026 20:45:07] "GET /vendor/stockfish-18-lite-single.wasm HTTP/1.1" 200 -
::1 - - [12/Jun/2026 20:45:18] "GET /index.html HTTP/1.1" 304 -
::1 - - [12/Jun/2026 20:45:18] "GET /vendor/stockfish-18-lite-single.wasm HTTP/1.1" 200 -
::1 - - [12/Jun/2026 20:58:30] "GET /index.html HTTP/1.1" 200 -
::1 - - [12/Jun/2026 20:58:46] "GET /index.html HTTP/1.1" 200 -
::1 - - [12/Jun/2026 20:58:46] "GET /css/style.css HTTP/1.1" 200 -
::1 - - [12/Jun/2026 20:58:46] "GET /vendor/chess.js HTTP/1.1" 200 -
::1 - - [12/Jun/2026 20:58:46] "GET /js/engine.js HTTP/1.1" 200 -
::1 - - [12/Jun/2026 20:58:46] "GET /js/coach.js HTTP/1.1" 200 -
::1 - - [12/Jun/2026 20:58:46] "GET /js/supa.js HTTP/1.1" 200 -
::1 - - [12/Jun/2026 20:58:46] "GET /js/board.js HTTP/1.1" 200 -
::1 - - [12/Jun/2026 20:58:46] "GET /js/app.js HTTP/1.1" 200 -
::1 - - [12/Jun/2026 20:58:46] "GET /js/games.js HTTP/1.1" 200 -
::1 - - [12/Jun/2026 20:58:46] "GET /js/review.js HTTP/1.1" 200 -
::1 - - [12/Jun/2026 20:58:46] "GET /vendor/stockfish-18-lite-single.js HTTP/1.1" 200 -
::1 - - [12/Jun/2026 20:58:47] "GET /vendor/stockfish-18-lite-single.wasm HTTP/1.1" 200 -
::1 - - [12/Jun/2026 20:59:25] "GET /index.html HTTP/1.1" 200 -
::1 - - [12/Jun/2026 20:59:25] "GET /css/style.css HTTP/1.1" 200 -
::1 - - [12/Jun/2026 20:59:25] "GET /vendor/chess.js HTTP/1.1" 200 -
::1 - - [12/Jun/2026 20:59:25] "GET /js/engine.js HTTP/1.1" 200 -
::1 - - [12/Jun/2026 20:59:25] "GET /js/coach.js HTTP/1.1" 200 -
::1 - - [12/Jun/2026 20:59:25] "GET /js/supa.js HTTP/1.1" 200 -
::1 - - [12/Jun/2026 20:59:25] "GET /js/board.js HTTP/1.1" 200 -
::1 - - [12/Jun/2026 20:59:25] "GET /js/app.js HTTP/1.1" 200 -
::1 - - [12/Jun/2026 20:59:25] "GET /js/games.js HTTP/1.1" 200 -
::1 - - [12/Jun/2026 20:59:25] "GET /js/review.js HTTP/1.1" 200 -
::1 - - [12/Jun/2026 20:59:26] "GET /vendor/stockfish-18-lite-single.js HTTP/1.1" 200 -
::1 - - [12/Jun/2026 20:59:26] "GET /vendor/stockfish-18-lite-single.wasm HTTP/1.1" 200 -
::1 - - [12/Jun/2026 21:02:00] "GET /index.html HTTP/1.1" 200 -
::1 - - [12/Jun/2026 21:02:00] "GET /css/style.css HTTP/1.1" 200 -
::1 - - [12/Jun/2026 21:02:00] "GET /vendor/chess.js HTTP/1.1" 200 -
::1 - - [12/Jun/2026 21:02:00] "GET /js/engine.js HTTP/1.1" 200 -
::1 - - [12/Jun/2026 21:02:00] "GET /js/coach.js HTTP/1.1" 200 -
::1 - - [12/Jun/2026 21:02:00] "GET /js/supa.js HTTP/1.1" 200 -
::1 - - [12/Jun/2026 21:02:00] "GET /js/board.js HTTP/1.1" 200 -
::1 - - [12/Jun/2026 21:02:00] "GET /js/app.js HTTP/1.1" 200 -
::1 - - [12/Jun/2026 21:02:00] "GET /js/games.js HTTP/1.1" 200 -
::1 - - [12/Jun/2026 21:02:00] "GET /js/review.js HTTP/1.1" 200 -
::1 - - [12/Jun/2026 21:02:00] "GET /vendor/stockfish-18-lite-single.js HTTP/1.1" 200 -
::1 - - [12/Jun/2026 21:02:01] "GET /vendor/stockfish-18-lite-single.wasm HTTP/1.1" 200 -
::1 - - [12/Jun/2026 21:03:25] "GET /index.html HTTP/1.1" 200 -
::1 - - [12/Jun/2026 21:03:25] "GET /css/style.css HTTP/1.1" 200 -
::1 - - [12/Jun/2026 21:03:25] "GET /vendor/chess.js HTTP/1.1" 200 -
::1 - - [12/Jun/2026 21:03:25] "GET /js/engine.js HTTP/1.1" 200 -
::1 - - [12/Jun/2026 21:03:25] "GET /js/coach.js HTTP/1.1" 200 -
::1 - - [12/Jun/2026 21:03:25] "GET /js/supa.js HTTP/1.1" 200 -
::1 - - [12/Jun/2026 21:03:25] "GET /js/board.js HTTP/1.1" 200 -
::1 - - [12/Jun/2026 21:03:25] "GET /js/app.js HTTP/1.1" 200 -
::1 - - [12/Jun/2026 21:03:25] "GET /js/games.js HTTP/1.1" 200 -
::1 - - [12/Jun/2026 21:03:25] "GET /js/review.js HTTP/1.1" 200 -
::1 - - [12/Jun/2026 21:03:25] "GET /vendor/stockfish-18-lite-single.js HTTP/1.1" 200 -
::1 - - [12/Jun/2026 21:03:26] "GET /vendor/stockfish-18-lite-single.wasm HTTP/1.1" 200 -
::1 - - [12/Jun/2026 21:03:53] "GET /index.html HTTP/1.1" 304 -
::1 - - [12/Jun/2026 21:03:53] "GET /vendor/stockfish-18-lite-single.wasm HTTP/1.1" 200 -
